c:\users\tompo_000\documents\games\wildmagic5\projects\castle\gui\src\release\vc120.pdb
c:\users\tompo_000\documents\games\wildmagic5\projects\castle\gui\src\release\genutils.obj
c:\users\tompo_000\documents\games\wildmagic5\projects\castle\gui\src\release\guitextbox.obj
c:\users\tompo_000\documents\games\wildmagic5\projects\castle\gui\src\release\guitext.obj
c:\users\tompo_000\documents\games\wildmagic5\projects\castle\gui\src\release\guitexcoorddescriptor.obj
c:\users\tompo_000\documents\games\wildmagic5\projects\castle\gui\src\release\guitabbedpanel.obj
c:\users\tompo_000\documents\games\wildmagic5\projects\castle\gui\src\release\guislider.obj
c:\users\tompo_000\documents\games\wildmagic5\projects\castle\gui\src\release\guiseparator.obj
c:\users\tompo_000\documents\games\wildmagic5\projects\castle\gui\src\release\guirectangle.obj
c:\users\tompo_000\documents\games\wildmagic5\projects\castle\gui\src\release\guiradiobutton.obj
c:\users\tompo_000\documents\games\wildmagic5\projects\castle\gui\src\release\guipanel.obj
c:\users\tompo_000\documents\games\wildmagic5\projects\castle\gui\src\release\guilabel.obj
c:\users\tompo_000\documents\games\wildmagic5\projects\castle\gui\src\release\guiframe.obj
c:\users\tompo_000\documents\games\wildmagic5\projects\castle\gui\src\release\guifontmanager.obj
c:\users\tompo_000\documents\games\wildmagic5\projects\castle\gui\src\release\guifont.obj
c:\users\tompo_000\documents\games\wildmagic5\projects\castle\gui\src\release\guievent.obj
c:\users\tompo_000\documents\games\wildmagic5\projects\castle\gui\src\release\guicombobox.obj
c:\users\tompo_000\documents\games\wildmagic5\projects\castle\gui\src\release\guiclippedrectangle.obj
c:\users\tompo_000\documents\games\wildmagic5\projects\castle\gui\src\release\guicheckbox.obj
c:\users\tompo_000\documents\games\wildmagic5\projects\castle\gui\src\release\guibutton.obj
c:\users\tompo_000\documents\games\wildmagic5\projects\castle\gui\src\release\guialphaelement.obj
c:\users\tompo_000\documents\games\wildmagic5\projects\castle\gui\src\release\xmlutils.obj
c:\users\tompo_000\documents\games\wildmagic5\projects\castle\gui\src\release\timeutils.obj
c:\users\tompo_000\documents\games\wildmagic5\projects\castle\gui\src\release\textureutils.obj
c:\users\tompo_000\documents\games\wildmagic5\projects\castle\gui\src\release\glee.obj
c:\users\tompo_000\documents\games\wildmagic5\projects\castle\gui\src\release\font1.obj
c:\users\tompo_000\documents\games\wildmagic5\projects\castle\gui\src\release\pngset.obj
c:\users\tompo_000\documents\games\wildmagic5\projects\castle\gui\src\release\pngrutil.obj
c:\users\tompo_000\documents\games\wildmagic5\projects\castle\gui\src\release\pngrtran.obj
c:\users\tompo_000\documents\games\wildmagic5\projects\castle\gui\src\release\pngrio.obj
c:\users\tompo_000\documents\games\wildmagic5\projects\castle\gui\src\release\pngread.obj
c:\users\tompo_000\documents\games\wildmagic5\projects\castle\gui\src\release\pngpread.obj
c:\users\tompo_000\documents\games\wildmagic5\projects\castle\gui\src\release\pngmem.obj
c:\users\tompo_000\documents\games\wildmagic5\projects\castle\gui\src\release\pngget.obj
c:\users\tompo_000\documents\games\wildmagic5\projects\castle\gui\src\release\pngerror.obj
c:\users\tompo_000\documents\games\wildmagic5\projects\castle\gui\src\release\png.obj
c:\users\tompo_000\documents\games\wildmagic5\projects\castle\gui\src\release\zutil.obj
c:\users\tompo_000\documents\games\wildmagic5\projects\castle\gui\src\release\infutil.obj
c:\users\tompo_000\documents\games\wildmagic5\projects\castle\gui\src\release\inftrees.obj
c:\users\tompo_000\documents\games\wildmagic5\projects\castle\gui\src\release\inflate.obj
c:\users\tompo_000\documents\games\wildmagic5\projects\castle\gui\src\release\inffast.obj
c:\users\tompo_000\documents\games\wildmagic5\projects\castle\gui\src\release\infcodes.obj
c:\users\tompo_000\documents\games\wildmagic5\projects\castle\gui\src\release\infblock.obj
c:\users\tompo_000\documents\games\wildmagic5\projects\castle\gui\src\release\crc32.obj
c:\users\tompo_000\documents\games\wildmagic5\projects\castle\gui\src\release\adler32.obj
c:\users\tompo_000\documents\games\wildmagic5\projects\castle\gui\src\release\glpng.obj
c:\users\tompo_000\documents\games\wildmagic5\projects\castle\gui\src\release\pngtrans.obj
c:\users\tompo_000\documents\games\wildmagic5\projects\castle\gui\lib\sxmlgui.lib
c:\users\tompo_000\documents\games\wildmagic5\projects\castle\gui\src\release\gui.tlog\cl.command.1.tlog
c:\users\tompo_000\documents\games\wildmagic5\projects\castle\gui\src\release\gui.tlog\cl.read.1.tlog
c:\users\tompo_000\documents\games\wildmagic5\projects\castle\gui\src\release\gui.tlog\cl.write.1.tlog
c:\users\tompo_000\documents\games\wildmagic5\projects\castle\gui\src\release\gui.tlog\lib-link.read.1.tlog
c:\users\tompo_000\documents\games\wildmagic5\projects\castle\gui\src\release\gui.tlog\lib-link.write.1.tlog
c:\users\tompo_000\documents\games\wildmagic5\projects\castle\gui\src\release\gui.tlog\lib.command.1.tlog
